2026-06-13T11:06:52.036Z - Error: Invalid login: 535-5.7.8 Username and Password not accepted. For more information, go to
535 5.7.8  https://support.google.com/mail/?p=BadCredentials d9443c01a7336-2c432c8ca31sm46560805ad.55 - gsmtp
    at SMTPConnection._formatError (C:\Users\RESHMA SHARMA\OneDrive\Documents\Desktop\AI-ENHANCED-ATTENDANCE-MANAGEMENT-SYSTEM-main\backend\node_modules\nodemailer\lib\smtp-connection\index.js:905:19)
    at SMTPConnection._actionAUTHComplete (C:\Users\RESHMA SHARMA\OneDrive\Documents\Desktop\AI-ENHANCED-ATTENDANCE-MANAGEMENT-SYSTEM-main\backend\node_modules\nodemailer\lib\smtp-connection\index.js:1726:34)
    at SMTPConnection.<anonymous> (C:\Users\RESHMA SHARMA\OneDrive\Documents\Desktop\AI-ENHANCED-ATTENDANCE-MANAGEMENT-SYSTEM-main\backend\node_modules\nodemailer\lib\smtp-connection\index.js:644:26)
    at SMTPConnection._processResponse (C:\Users\RESHMA SHARMA\OneDrive\Documents\Desktop\AI-ENHANCED-ATTENDANCE-MANAGEMENT-SYSTEM-main\backend\node_modules\nodemailer\lib\smtp-connection\index.js:1099:20)
    at SMTPConnection._onData (C:\Users\RESHMA SHARMA\OneDrive\Documents\Desktop\AI-ENHANCED-ATTENDANCE-MANAGEMENT-SYSTEM-main\backend\node_modules\nodemailer\lib\smtp-connection\index.js:865:14)
    at SMTPConnection._onSocketData (C:\Users\RESHMA SHARMA\OneDrive\Documents\Desktop\AI-ENHANCED-ATTENDANCE-MANAGEMENT-SYSTEM-main\backend\node_modules\nodemailer\lib\smtp-connection\index.js:224:44)
    at TLSSocket.emit (node:events:508:28)
    at addChunk (node:internal/streams/readable:559:12)
    at readableAddChunkPushByteMode (node:internal/streams/readable:510:3)
    at Readable.push (node:internal/streams/readable:390:5)
2026-06-13T11:14:49.082Z - Error: Invalid login: 535-5.7.8 Username and Password not accepted. For more information, go to
535 5.7.8  https://support.google.com/mail/?p=BadCredentials d2e1a72fcca58-8434b057461sm5818757b3a.58 - gsmtp
    at SMTPConnection._formatError (C:\Users\RESHMA SHARMA\OneDrive\Documents\Desktop\AI-ENHANCED-ATTENDANCE-MANAGEMENT-SYSTEM-main\backend\node_modules\nodemailer\lib\smtp-connection\index.js:905:19)
    at SMTPConnection._actionAUTHComplete (C:\Users\RESHMA SHARMA\OneDrive\Documents\Desktop\AI-ENHANCED-ATTENDANCE-MANAGEMENT-SYSTEM-main\backend\node_modules\nodemailer\lib\smtp-connection\index.js:1726:34)
    at SMTPConnection.<anonymous> (C:\Users\RESHMA SHARMA\OneDrive\Documents\Desktop\AI-ENHANCED-ATTENDANCE-MANAGEMENT-SYSTEM-main\backend\node_modules\nodemailer\lib\smtp-connection\index.js:644:26)
    at SMTPConnection._processResponse (C:\Users\RESHMA SHARMA\OneDrive\Documents\Desktop\AI-ENHANCED-ATTENDANCE-MANAGEMENT-SYSTEM-main\backend\node_modules\nodemailer\lib\smtp-connection\index.js:1099:20)
    at SMTPConnection._onData (C:\Users\RESHMA SHARMA\OneDrive\Documents\Desktop\AI-ENHANCED-ATTENDANCE-MANAGEMENT-SYSTEM-main\backend\node_modules\nodemailer\lib\smtp-connection\index.js:865:14)
    at SMTPConnection._onSocketData (C:\Users\RESHMA SHARMA\OneDrive\Documents\Desktop\AI-ENHANCED-ATTENDANCE-MANAGEMENT-SYSTEM-main\backend\node_modules\nodemailer\lib\smtp-connection\index.js:224:44)
    at TLSSocket.emit (node:events:508:28)
    at addChunk (node:internal/streams/readable:559:12)
    at readableAddChunkPushByteMode (node:internal/streams/readable:510:3)
    at Readable.push (node:internal/streams/readable:390:5)
2026-06-13T11:37:26.484Z - Error: Invalid login: 535-5.7.8 Username and Password not accepted. For more information, go to
535 5.7.8  https://support.google.com/mail/?p=BadCredentials d9443c01a7336-2c4328a43c9sm47251425ad.41 - gsmtp
    at SMTPConnection._formatError (C:\Users\RESHMA SHARMA\OneDrive\Documents\Desktop\AI-ENHANCED-ATTENDANCE-MANAGEMENT-SYSTEM-main\backend\node_modules\nodemailer\lib\smtp-connection\index.js:905:19)
    at SMTPConnection._actionAUTHComplete (C:\Users\RESHMA SHARMA\OneDrive\Documents\Desktop\AI-ENHANCED-ATTENDANCE-MANAGEMENT-SYSTEM-main\backend\node_modules\nodemailer\lib\smtp-connection\index.js:1726:34)
    at SMTPConnection.<anonymous> (C:\Users\RESHMA SHARMA\OneDrive\Documents\Desktop\AI-ENHANCED-ATTENDANCE-MANAGEMENT-SYSTEM-main\backend\node_modules\nodemailer\lib\smtp-connection\index.js:644:26)
    at SMTPConnection._processResponse (C:\Users\RESHMA SHARMA\OneDrive\Documents\Desktop\AI-ENHANCED-ATTENDANCE-MANAGEMENT-SYSTEM-main\backend\node_modules\nodemailer\lib\smtp-connection\index.js:1099:20)
    at SMTPConnection._onData (C:\Users\RESHMA SHARMA\OneDrive\Documents\Desktop\AI-ENHANCED-ATTENDANCE-MANAGEMENT-SYSTEM-main\backend\node_modules\nodemailer\lib\smtp-connection\index.js:865:14)
    at SMTPConnection._onSocketData (C:\Users\RESHMA SHARMA\OneDrive\Documents\Desktop\AI-ENHANCED-ATTENDANCE-MANAGEMENT-SYSTEM-main\backend\node_modules\nodemailer\lib\smtp-connection\index.js:224:44)
    at TLSSocket.emit (node:events:508:28)
    at addChunk (node:internal/streams/readable:559:12)
    at readableAddChunkPushByteMode (node:internal/streams/readable:510:3)
    at Readable.push (node:internal/streams/readable:390:5)
2026-06-13T11:38:34.831Z - Error: Invalid login: 535-5.7.8 Username and Password not accepted. For more information, go to
535 5.7.8  https://support.google.com/mail/?p=BadCredentials d2e1a72fcca58-8434afc8fc7sm5193206b3a.37 - gsmtp
    at SMTPConnection._formatError (C:\Users\RESHMA SHARMA\OneDrive\Documents\Desktop\AI-ENHANCED-ATTENDANCE-MANAGEMENT-SYSTEM-main\backend\node_modules\nodemailer\lib\smtp-connection\index.js:905:19)
    at SMTPConnection._actionAUTHComplete (C:\Users\RESHMA SHARMA\OneDrive\Documents\Desktop\AI-ENHANCED-ATTENDANCE-MANAGEMENT-SYSTEM-main\backend\node_modules\nodemailer\lib\smtp-connection\index.js:1726:34)
    at SMTPConnection.<anonymous> (C:\Users\RESHMA SHARMA\OneDrive\Documents\Desktop\AI-ENHANCED-ATTENDANCE-MANAGEMENT-SYSTEM-main\backend\node_modules\nodemailer\lib\smtp-connection\index.js:644:26)
    at SMTPConnection._processResponse (C:\Users\RESHMA SHARMA\OneDrive\Documents\Desktop\AI-ENHANCED-ATTENDANCE-MANAGEMENT-SYSTEM-main\backend\node_modules\nodemailer\lib\smtp-connection\index.js:1099:20)
    at SMTPConnection._onData (C:\Users\RESHMA SHARMA\OneDrive\Documents\Desktop\AI-ENHANCED-ATTENDANCE-MANAGEMENT-SYSTEM-main\backend\node_modules\nodemailer\lib\smtp-connection\index.js:865:14)
    at SMTPConnection._onSocketData (C:\Users\RESHMA SHARMA\OneDrive\Documents\Desktop\AI-ENHANCED-ATTENDANCE-MANAGEMENT-SYSTEM-main\backend\node_modules\nodemailer\lib\smtp-connection\index.js:224:44)
    at TLSSocket.emit (node:events:508:28)
    at addChunk (node:internal/streams/readable:559:12)
    at readableAddChunkPushByteMode (node:internal/streams/readable:510:3)
    at Readable.push (node:internal/streams/readable:390:5)
2026-06-13T11:38:37.645Z - Error: Invalid login: 535-5.7.8 Username and Password not accepted. For more information, go to
535 5.7.8  https://support.google.com/mail/?p=BadCredentials d9443c01a7336-2c42f2e52c0sm47967995ad.13 - gsmtp
    at SMTPConnection._formatError (C:\Users\RESHMA SHARMA\OneDrive\Documents\Desktop\AI-ENHANCED-ATTENDANCE-MANAGEMENT-SYSTEM-main\backend\node_modules\nodemailer\lib\smtp-connection\index.js:905:19)
    at SMTPConnection._actionAUTHComplete (C:\Users\RESHMA SHARMA\OneDrive\Documents\Desktop\AI-ENHANCED-ATTENDANCE-MANAGEMENT-SYSTEM-main\backend\node_modules\nodemailer\lib\smtp-connection\index.js:1726:34)
    at SMTPConnection.<anonymous> (C:\Users\RESHMA SHARMA\OneDrive\Documents\Desktop\AI-ENHANCED-ATTENDANCE-MANAGEMENT-SYSTEM-main\backend\node_modules\nodemailer\lib\smtp-connection\index.js:644:26)
    at SMTPConnection._processResponse (C:\Users\RESHMA SHARMA\OneDrive\Documents\Desktop\AI-ENHANCED-ATTENDANCE-MANAGEMENT-SYSTEM-main\backend\node_modules\nodemailer\lib\smtp-connection\index.js:1099:20)
    at SMTPConnection._onData (C:\Users\RESHMA SHARMA\OneDrive\Documents\Desktop\AI-ENHANCED-ATTENDANCE-MANAGEMENT-SYSTEM-main\backend\node_modules\nodemailer\lib\smtp-connection\index.js:865:14)
    at SMTPConnection._onSocketData (C:\Users\RESHMA SHARMA\OneDrive\Documents\Desktop\AI-ENHANCED-ATTENDANCE-MANAGEMENT-SYSTEM-main\backend\node_modules\nodemailer\lib\smtp-connection\index.js:224:44)
    at TLSSocket.emit (node:events:508:28)
    at addChunk (node:internal/streams/readable:559:12)
    at readableAddChunkPushByteMode (node:internal/streams/readable:510:3)
    at Readable.push (node:internal/streams/readable:390:5)
2026-07-06T14:20:38.143Z - MongooseError: Operation `users.findOne()` buffering timed out after 10000ms
    at Timeout._onTimeout (C:\Users\RESHMA SHARMA\OneDrive\Documents\Desktop\New folder (2)\Academia_Secure\backend\node_modules\mongoose\lib\drivers\node-mongodb-native\collection.js:142:25)
    at listOnTimeout (node:internal/timers:605:17)
    at process.processTimers (node:internal/timers:541:7)
2026-07-06T14:24:22.478Z - MongooseError: Operation `users.findOne()` buffering timed out after 10000ms
    at Timeout._onTimeout (C:\Users\RESHMA SHARMA\OneDrive\Documents\Desktop\New folder (2)\Academia_Secure\backend\node_modules\mongoose\lib\drivers\node-mongodb-native\collection.js:142:25)
    at listOnTimeout (node:internal/timers:605:17)
    at process.processTimers (node:internal/timers:541:7)
2026-07-06T14:49:07.336Z - MongooseError: Operation `users.findOne()` buffering timed out after 10000ms
    at Timeout._onTimeout (C:\Users\RESHMA SHARMA\OneDrive\Documents\Desktop\New folder (2)\Academia_Secure\backend\node_modules\mongoose\lib\drivers\node-mongodb-native\collection.js:142:25)
    at listOnTimeout (node:internal/timers:605:17)
    at process.processTimers (node:internal/timers:541:7)
2026-07-06T14:50:15.371Z - MongooseError: Operation `users.findOne()` buffering timed out after 10000ms
    at Timeout._onTimeout (C:\Users\RESHMA SHARMA\OneDrive\Documents\Desktop\New folder (2)\Academia_Secure\backend\node_modules\mongoose\lib\drivers\node-mongodb-native\collection.js:142:25)
    at listOnTimeout (node:internal/timers:605:17)
    at process.processTimers (node:internal/timers:541:7)
2026-07-06T15:32:06.365Z - MongooseError: Operation `users.findOne()` buffering timed out after 10000ms
    at Timeout._onTimeout (C:\Users\RESHMA SHARMA\OneDrive\Documents\Desktop\New folder (2)\Academia_Secure\backend\node_modules\mongoose\lib\drivers\node-mongodb-native\collection.js:142:25)
    at listOnTimeout (node:internal/timers:605:17)
    at process.processTimers (node:internal/timers:541:7)
2026-07-06T15:36:12.442Z - MongooseError: Operation `users.findOne()` buffering timed out after 10000ms
    at Timeout._onTimeout (C:\Users\RESHMA SHARMA\OneDrive\Documents\Desktop\New folder (2)\Academia_Secure\backend\node_modules\mongoose\lib\drivers\node-mongodb-native\collection.js:142:25)
    at listOnTimeout (node:internal/timers:605:17)
    at process.processTimers (node:internal/timers:541:7)
